<?xml version="1.0" encoding="UTF-8"?>
<!-- Generated by org.testng.reporters.JUnitReportReporter -->
<testsuite hostname="MuguSurfaceBook" failures="0" tests="1" name="AllProductsList.AllProductLists" time="3.609" errors="0" timestamp="2024-07-30T15:00:08 IST" skipped="0">
  <testcase classname="AllProductsList.AllProductLists" name="product_list" time="3.609"/>
  <system-out/>
</testsuite> <!-- AllProductsList.AllProductLists -->
