<?xml version="1.0" encoding="UTF-8"?>
<!-- Generated by org.testng.reporters.JUnitReportReporter -->
<testsuite hostname="MuguSurfaceBook" failures="0" tests="2" name="CategoryProductList.AnalgesicsProductList" time="3.191" errors="0" timestamp="2024-07-30T15:03:04 IST" skipped="0">
  <testcase classname="CategoryProductList.AnalgesicsProductList" name="test" time="0.062"/>
  <system-out/>
  <testcase classname="CategoryProductList.AnalgesicsProductList" name="responsebody" time="3.129"/>
  <system-out/>
</testsuite> <!-- CategoryProductList.AnalgesicsProductList -->
